Container nvidia build =  13409399
XLA activated
2020-12-07 11:50:42.918250: I tensorflow/stream_executor/platform/default/dso_loader.cc:48] Successfully opened dynamic library libcudart.so.11.0
WARNING:tensorflow:Deprecation warnings have been disabled. Set TF_ENABLE_DEPRECATION_WARNINGS=1 to re-enable them.
WARNING:tensorflow:From /usr/local/lib/python3.6/dist-packages/horovod-0.19.1-py3.6-linux-x86_64.egg/horovod/tensorflow/__init__.py:152: The name tf.global_variables is deprecated. Please use tf.compat.v1.global_variables instead.

WARNING:tensorflow:From /usr/local/lib/python3.6/dist-packages/horovod-0.19.1-py3.6-linux-x86_64.egg/horovod/tensorflow/__init__.py:178: The name tf.get_default_graph is deprecated. Please use tf.compat.v1.get_default_graph instead.

WARNING:tensorflow:
The TensorFlow contrib module will not be included in TensorFlow 2.0.
For more information, please see:
  * https://github.com/tensorflow/community/blob/master/rfcs/20180907-contrib-sunset.md
  * https://github.com/tensorflow/addons
  * https://github.com/tensorflow/io (for I/O related ops)
If you depend on functionality not listed there, please file an issue.

W1207 11:50:44.784725 140301559801664 lazy_loader.py:50]
The TensorFlow contrib module will not be included in TensorFlow 2.0.
For more information, please see:
  * https://github.com/tensorflow/community/blob/master/rfcs/20180907-contrib-sunset.md
  * https://github.com/tensorflow/addons
  * https://github.com/tensorflow/io (for I/O related ops)
If you depend on functionality not listed there, please file an issue.

INFO:tensorflow:Using config: {'_model_dir': '/results/tf_bert_pretraining_lamb_base_fp32_gbs165536_gbs232768_201207115042/phase_1', '_tf_random_seed': None, '_save_summary_steps': 200, '_save_checkpoints_steps': 200, '_save_checkpoints_secs': None, '_session_config': graph_options {
  optimizer_options {
    global_jit_level: ON_1
  }
  rewrite_options {
    memory_optimization: NO_MEM_OPT
  }
}
, '_keep_checkpoint_max': 5, '_keep_checkpoint_every_n_hours': 10000, '_log_step_count_steps': 10000, '_train_distribute': None, '_device_fn': None, '_protocol': None, '_eval_distribute': None, '_experimental_distribute': None, '_experimental_max_worker_delay_secs': None, '_session_creation_timeout_secs': 7200, '_service': None, '_cluster_spec': <tensorflow.python.training.server_lib.ClusterSpec object at 0x7f98d8aa14e0>, '_task_type': 'worker', '_task_id': 0, '_global_id_in_cluster': 0, '_master': '', '_evaluation_master': '', '_is_chief': True, '_num_ps_replicas': 0, '_num_worker_replicas': 1}
I1207 11:50:45.493690 140301559801664 estimator.py:212] Using config: {'_model_dir': '/results/tf_bert_pretraining_lamb_base_fp32_gbs165536_gbs232768_201207115042/phase_1', '_tf_random_seed': None, '_save_summary_steps': 200, '_save_checkpoints_steps': 200, '_save_checkpoints_secs': None, '_session_config': graph_options {
  optimizer_options {
    global_jit_level: ON_1
  }
  rewrite_options {
    memory_optimization: NO_MEM_OPT
  }
}
, '_keep_checkpoint_max': 5, '_keep_checkpoint_every_n_hours': 10000, '_log_step_count_steps': 10000, '_train_distribute': None, '_device_fn': None, '_protocol': None, '_eval_distribute': None, '_experimental_distribute': None, '_experimental_max_worker_delay_secs': None, '_session_creation_timeout_secs': 7200, '_service': None, '_cluster_spec': <tensorflow.python.training.server_lib.ClusterSpec object at 0x7f98d8aa14e0>, '_task_type': 'worker', '_task_id': 0, '_global_id_in_cluster': 0, '_master': '', '_evaluation_master': '', '_is_chief': True, '_num_ps_replicas': 0, '_num_worker_replicas': 1}
WARNING:tensorflow:Estimator's model_fn (<function model_fn_builder.<locals>.model_fn at 0x7f98d8a9c158>) includes params argument, but params are not passed to Estimator.
W1207 11:50:45.494374 140301559801664 model_fn.py:630] Estimator's model_fn (<function model_fn_builder.<locals>.model_fn at 0x7f98d8a9c158>) includes params argument, but params are not passed to Estimator.
INFO:tensorflow:***** Running training *****
I1207 11:50:45.494808 140301559801664 run_pretraining.py:623] ***** Running training *****
INFO:tensorflow:  Batch size = 64
I1207 11:50:45.494879 140301559801664 run_pretraining.py:624]   Batch size = 64
WARNING:tensorflow:From /usr/local/lib/python3.6/dist-packages/tensorflow_core/python/autograph/converters/directives.py:119: The name tf.parse_single_example is deprecated. Please use tf.io.parse_single_example instead.

W1207 11:50:45.611547 140301559801664 module_wrapper.py:139] From /usr/local/lib/python3.6/dist-packages/tensorflow_core/python/autograph/converters/directives.py:119: The name tf.parse_single_example is deprecated. Please use tf.io.parse_single_example instead.

INFO:tensorflow:Calling model_fn.
I1207 11:50:45.735192 140301559801664 estimator.py:1148] Calling model_fn.
INFO:tensorflow:*** Features ***
I1207 11:50:45.735357 140301559801664 run_pretraining.py:257] *** Features ***
INFO:tensorflow:  name = input_ids, shape = (64, 128)
I1207 11:50:45.735462 140301559801664 run_pretraining.py:259]   name = input_ids, shape = (64, 128)
INFO:tensorflow:  name = input_mask, shape = (64, 128)
I1207 11:50:45.735553 140301559801664 run_pretraining.py:259]   name = input_mask, shape = (64, 128)
INFO:tensorflow:  name = masked_lm_ids, shape = (64, 20)
I1207 11:50:45.735628 140301559801664 run_pretraining.py:259]   name = masked_lm_ids, shape = (64, 20)
INFO:tensorflow:  name = masked_lm_positions, shape = (64, 20)
I1207 11:50:45.735700 140301559801664 run_pretraining.py:259]   name = masked_lm_positions, shape = (64, 20)
INFO:tensorflow:  name = masked_lm_weights, shape = (64, 20)
I1207 11:50:45.735766 140301559801664 run_pretraining.py:259]   name = masked_lm_weights, shape = (64, 20)
INFO:tensorflow:  name = next_sentence_labels, shape = (64, 1)
I1207 11:50:45.735836 140301559801664 run_pretraining.py:259]   name = next_sentence_labels, shape = (64, 1)
INFO:tensorflow:  name = segment_ids, shape = (64, 128)
I1207 11:50:45.735900 140301559801664 run_pretraining.py:259]   name = segment_ids, shape = (64, 128)
WARNING:tensorflow:From /workspace/bert/modeling.py:176: The name tf.variable_scope is deprecated. Please use tf.compat.v1.variable_scope instead.

W1207 11:50:45.736104 140301559801664 module_wrapper.py:139] From /workspace/bert/modeling.py:176: The name tf.variable_scope is deprecated. Please use tf.compat.v1.variable_scope instead.

WARNING:tensorflow:From /workspace/bert/modeling.py:427: The name tf.get_variable is deprecated. Please use tf.compat.v1.get_variable instead.

W1207 11:50:45.737226 140301559801664 module_wrapper.py:139] From /workspace/bert/modeling.py:427: The name tf.get_variable is deprecated. Please use tf.compat.v1.get_variable instead.

WARNING:tensorflow:From /workspace/bert/run_pretraining.py:295: The name tf.trainable_variables is deprecated. Please use tf.compat.v1.trainable_variables instead.

W1207 11:50:47.521524 140301559801664 module_wrapper.py:139] From /workspace/bert/run_pretraining.py:295: The name tf.trainable_variables is deprecated. Please use tf.compat.v1.trainable_variables instead.

WARNING:tensorflow:From /workspace/bert/optimization.py:142: The name tf.global_norm is deprecated. Please use tf.linalg.global_norm instead.

W1207 11:50:51.008817 140301559801664 module_wrapper.py:139] From /workspace/bert/optimization.py:142: The name tf.global_norm is deprecated. Please use tf.linalg.global_norm instead.

INFO:tensorflow:Done calling model_fn.
I1207 11:50:59.942550 140301559801664 estimator.py:1150] Done calling model_fn.
INFO:tensorflow:Create CheckpointSaverHook.
I1207 11:50:59.945037 140301559801664 basic_session_run_hooks.py:541] Create CheckpointSaverHook.
INFO:tensorflow:Graph was finalized.
I1207 11:51:04.410707 140301559801664 monitored_session.py:240] Graph was finalized.
2020-12-07 11:51:04.422503: I tensorflow/core/platform/profile_utils/cpu_utils.cc:94] CPU Frequency: 2399490000 Hz
2020-12-07 11:51:04.425096: I tensorflow/compiler/xla/service/service.cc:168] XLA service 0x52f3090 initialized for platform Host (this does not guarantee that XLA will be used). Devices:
2020-12-07 11:51:04.425125: I tensorflow/compiler/xla/service/service.cc:176]   StreamExecutor device (0): Host, Default Version
2020-12-07 11:51:04.428609: I tensorflow/stream_executor/platform/default/dso_loader.cc:48] Successfully opened dynamic library libcuda.so.1
2020-12-07 11:51:04.950749: I tensorflow/compiler/xla/service/service.cc:168] XLA service 0x5265a80 initialized for platform CUDA (this does not guarantee that XLA will be used). Devices:
2020-12-07 11:51:04.950797: I tensorflow/compiler/xla/service/service.cc:176]   StreamExecutor device (0): Tesla V100-SXM2-32GB, Compute Capability 7.0
2020-12-07 11:51:04.954592: I tensorflow/core/common_runtime/gpu/gpu_device.cc:1639] Found device 0 with properties:
name: Tesla V100-SXM2-32GB major: 7 minor: 0 memoryClockRate(GHz): 1.53
pciBusID: 0000:62:00.0
2020-12-07 11:51:04.954656: I tensorflow/stream_executor/platform/default/dso_loader.cc:48] Successfully opened dynamic library libcudart.so.11.0
2020-12-07 11:51:04.960499: I tensorflow/stream_executor/platform/default/dso_loader.cc:48] Successfully opened dynamic library libcublas.so.11
2020-12-07 11:51:04.963089: I tensorflow/stream_executor/platform/default/dso_loader.cc:48] Successfully opened dynamic library libcufft.so.10
2020-12-07 11:51:04.963937: I tensorflow/stream_executor/platform/default/dso_loader.cc:48] Successfully opened dynamic library libcurand.so.10
2020-12-07 11:51:04.970628: I tensorflow/stream_executor/platform/default/dso_loader.cc:48] Successfully opened dynamic library libcusolver.so.10
2020-12-07 11:51:04.971928: I tensorflow/stream_executor/platform/default/dso_loader.cc:48] Successfully opened dynamic library libcusparse.so.11
2020-12-07 11:51:04.972244: I tensorflow/stream_executor/platform/default/dso_loader.cc:48] Successfully opened dynamic library libcudnn.so.8
2020-12-07 11:51:04.979075: I tensorflow/core/common_runtime/gpu/gpu_device.cc:1767] Adding visible gpu devices: 0
2020-12-07 11:51:04.979130: I tensorflow/stream_executor/platform/default/dso_loader.cc:48] Successfully opened dynamic library libcudart.so.11.0
2020-12-07 11:51:05.636282: I tensorflow/core/common_runtime/gpu/gpu_device.cc:1180] Device interconnect StreamExecutor with strength 1 edge matrix:
2020-12-07 11:51:05.636340: I tensorflow/core/common_runtime/gpu/gpu_device.cc:1186]      0
2020-12-07 11:51:05.636359: I tensorflow/core/common_runtime/gpu/gpu_device.cc:1199] 0:   N
2020-12-07 11:51:05.658650: I tensorflow/core/common_runtime/gpu/gpu_device.cc:1325] Created TensorFlow device (/job:localhost/replica:0/task:0/device:GPU:0 with 30168 MB memory) -> physical GPU (device: 0, name: Tesla V100-SXM2-32GB, pci bus id: 0000:62:00.0, compute capability: 7.0)
2020-12-07 11:51:11.550217: W tensorflow/compiler/jit/mark_for_compilation_pass.cc:1648] (One-time warning): Not using XLA:CPU for cluster because envvar TF_XLA_FLAGS=--tf_xla_cpu_global_jit was not set.  If you want XLA:CPU, either set that envvar, or use experimental_jit_scope to enable XLA:CPU.  To confirm that XLA is active, pass --vmodule=xla_compilation_cache=1 (as a proper command-line flag, not via TF_XLA_FLAGS) or set the envvar XLA_FLAGS=--xla_hlo_profile.
INFO:tensorflow:Running local_init_op.
I1207 11:51:16.387566 140301559801664 session_manager.py:500] Running local_init_op.
INFO:tensorflow:Done running local_init_op.
I1207 11:51:16.896065 140301559801664 session_manager.py:502] Done running local_init_op.
INFO:tensorflow:Saving checkpoints for 0 into /results/tf_bert_pretraining_lamb_base_fp32_gbs165536_gbs232768_201207115042/phase_1/model.ckpt.
I1207 11:51:28.619617 140301559801664 basic_session_run_hooks.py:606] Saving checkpoints for 0 into /results/tf_bert_pretraining_lamb_base_fp32_gbs165536_gbs232768_201207115042/phase_1/model.ckpt.
WARNING:tensorflow:From /workspace/bert/run_pretraining.py:146: The name tf.train.get_global_step is deprecated. Please use tf.compat.v1.train.get_global_step instead.

W1207 11:51:36.077272 140301559801664 module_wrapper.py:139] From /workspace/bert/run_pretraining.py:146: The name tf.train.get_global_step is deprecated. Please use tf.compat.v1.train.get_global_step instead.

2020-12-07 11:51:56.332349: I tensorflow/stream_executor/platform/default/dso_loader.cc:48] Successfully opened dynamic library libcudnn.so.8
2020-12-07 11:51:57.303056: I tensorflow/stream_executor/platform/default/dso_loader.cc:48] Successfully opened dynamic library libcublas.so.11
2020-12-07 11:52:23.079666: I tensorflow/compiler/jit/xla_compilation_cache.cc:243] Compiled cluster using XLA!  This line is logged at most once for the lifetime of the process.
INFO:tensorflow:loss = 11.096708, step = 0
I1207 11:52:29.949632 140301559801664 basic_session_run_hooks.py:262] loss = 11.096708, step = 0
WARNING:tensorflow:It seems that global step (tf.train.get_global_step) has not been increased. Current value (could be stable): 0 vs previous value: 0. You could increase the global step by passing tf.train.get_global_step() to Optimizer.apply_gradients or Optimizer.minimize.
W1207 11:53:14.722185 140301559801664 basic_session_run_hooks.py:724] It seems that global step (tf.train.get_global_step) has not been increased. Current value (could be stable): 0 vs previous value: 0. You could increase the global step by passing tf.train.get_global_step() to Optimizer.apply_gradients or Optimizer.minimize.
WARNING:tensorflow:It seems that global step (tf.train.get_global_step) has not been increased. Current value (could be stable): 0 vs previous value: 0. You could increase the global step by passing tf.train.get_global_step() to Optimizer.apply_gradients or Optimizer.minimize.
W1207 11:53:15.137991 140301559801664 basic_session_run_hooks.py:724] It seems that global step (tf.train.get_global_step) has not been increased. Current value (could be stable): 0 vs previous value: 0. You could increase the global step by passing tf.train.get_global_step() to Optimizer.apply_gradients or Optimizer.minimize.
WARNING:tensorflow:It seems that global step (tf.train.get_global_step) has not been increased. Current value (could be stable): 0 vs previous value: 0. You could increase the global step by passing tf.train.get_global_step() to Optimizer.apply_gradients or Optimizer.minimize.
W1207 11:53:15.548143 140301559801664 basic_session_run_hooks.py:724] It seems that global step (tf.train.get_global_step) has not been increased. Current value (could be stable): 0 vs previous value: 0. You could increase the global step by passing tf.train.get_global_step() to Optimizer.apply_gradients or Optimizer.minimize.
WARNING:tensorflow:It seems that global step (tf.train.get_global_step) has not been increased. Current value (could be stable): 0 vs previous value: 0. You could increase the global step by passing tf.train.get_global_step() to Optimizer.apply_gradients or Optimizer.minimize.
W1207 11:53:15.960752 140301559801664 basic_session_run_hooks.py:724] It seems that global step (tf.train.get_global_step) has not been increased. Current value (could be stable): 0 vs previous value: 0. You could increase the global step by passing tf.train.get_global_step() to Optimizer.apply_gradients or Optimizer.minimize.
WARNING:tensorflow:It seems that global step (tf.train.get_global_step) has not been increased. Current value (could be stable): 0 vs previous value: 0. You could increase the global step by passing tf.train.get_global_step() to Optimizer.apply_gradients or Optimizer.minimize.
W1207 11:53:16.371304 140301559801664 basic_session_run_hooks.py:724] It seems that global step (tf.train.get_global_step) has not been increased. Current value (could be stable): 0 vs previous value: 0. You could increase the global step by passing tf.train.get_global_step() to Optimizer.apply_gradients or Optimizer.minimize.
INFO:tensorflow:loss = 11.1487055, step = 9 (4272.058 sec)
I1207 13:03:42.007836 140301559801664 basic_session_run_hooks.py:260] loss = 11.1487055, step = 9 (4272.058 sec)
INFO:tensorflow:loss = 11.142242, step = 19 (4165.123 sec)
I1207 14:13:07.130810 140301559801664 basic_session_run_hooks.py:260] loss = 11.142242, step = 19 (4165.123 sec)
INFO:tensorflow:loss = 11.097174, step = 29 (4166.265 sec)
I1207 15:22:33.395520 140301559801664 basic_session_run_hooks.py:260] loss = 11.097174, step = 29 (4166.265 sec)
INFO:tensorflow:loss = 11.060565, step = 39 (4164.293 sec)
I1207 16:31:57.687926 140301559801664 basic_session_run_hooks.py:260] loss = 11.060565, step = 39 (4164.293 sec)
decayed_learning_rate_at_crossover_point = 7.500000e-04, adjusted_init_lr = 7.500000e-04
Initializing LAMB Optimizer
Skipping time record for  1  due to checkpoint-saving/warmup overhead
DLL 2020-12-07 12:00:50.976781 - Iteration: 2  throughput_train : 118.302 seq/s mlm_loss : 10.4180  nsp_loss : 0.6971  total_loss : 11.1151  avg_loss_step : 11.1311  learning_rate : 0.0
Skipping time record for  2  due to checkpoint-saving/warmup overhead
DLL 2020-12-07 12:07:56.715128 - Iteration: 3  throughput_train : 154.026 seq/s mlm_loss : 10.4266  nsp_loss : 0.6881  total_loss : 11.1148  avg_loss_step : 11.1300  learning_rate : 3.75e-07
Skipping time record for  3  due to checkpoint-saving/warmup overhead
DLL 2020-12-07 12:15:02.578577 - Iteration: 4  throughput_train : 153.977 seq/s mlm_loss : 10.4466  nsp_loss : 0.7392  total_loss : 11.1858  avg_loss_step : 11.1304  learning_rate : 7.5e-07
Skipping time record for  4  due to checkpoint-saving/warmup overhead
DLL 2020-12-07 12:22:07.067994 - Iteration: 5  throughput_train : 154.476 seq/s mlm_loss : 10.4850  nsp_loss : 0.6581  total_loss : 11.1431  avg_loss_step : 11.1311  learning_rate : 1.125e-06
Skipping time record for  5  due to checkpoint-saving/warmup overhead
DLL 2020-12-07 12:29:12.862164 - Iteration: 6  throughput_train : 154.001 seq/s mlm_loss : 10.4309  nsp_loss : 0.7236  total_loss : 11.1545  avg_loss_step : 11.1284  learning_rate : 1.5e-06
DLL 2020-12-07 12:36:17.244772 - Iteration: 7  throughput_train : 154.514 seq/s mlm_loss : 10.4330  nsp_loss : 0.7437  total_loss : 11.1768  avg_loss_step : 11.1304  learning_rate : 1.8750001e-06
DLL 2020-12-07 12:43:23.603707 - Iteration: 8  throughput_train : 153.797 seq/s mlm_loss : 10.4135  nsp_loss : 0.7153  total_loss : 11.1288  avg_loss_step : 11.1303  learning_rate : 2.25e-06
DLL 2020-12-07 12:50:29.802527 - Iteration: 9  throughput_train : 153.856 seq/s mlm_loss : 10.4515  nsp_loss : 0.6862  total_loss : 11.1377  avg_loss_step : 11.1284  learning_rate : 2.625e-06
DLL 2020-12-07 12:57:34.604664 - Iteration: 10  throughput_train : 154.363 seq/s mlm_loss : 10.4083  nsp_loss : 0.6440  total_loss : 11.0523  avg_loss_step : 11.1278  learning_rate : 3e-06
DLL 2020-12-07 13:05:21.276123 - Iteration: 11  throughput_train : 140.506 seq/s mlm_loss : 10.4217  nsp_loss : 0.6608  total_loss : 11.0825  avg_loss_step : 11.1242  learning_rate : 3.3750002e-06
DLL 2020-12-07 13:12:26.010850 - Iteration: 12  throughput_train : 154.387 seq/s mlm_loss : 10.4248  nsp_loss : 0.6380  total_loss : 11.0628  avg_loss_step : 11.1262  learning_rate : 3.7500001e-06
DLL 2020-12-07 13:19:32.040849 - Iteration: 13  throughput_train : 153.919 seq/s mlm_loss : 10.4342  nsp_loss : 0.6987  total_loss : 11.1329  avg_loss_step : 11.1246  learning_rate : 4.125e-06
DLL 2020-12-07 13:26:38.018893 - Iteration: 14  throughput_train : 153.935 seq/s mlm_loss : 10.4253  nsp_loss : 0.6915  total_loss : 11.1168  avg_loss_step : 11.1232  learning_rate : 4.5e-06
DLL 2020-12-07 13:33:44.065791 - Iteration: 15  throughput_train : 153.911 seq/s mlm_loss : 10.4567  nsp_loss : 0.6961  total_loss : 11.1528  avg_loss_step : 11.1218  learning_rate : 4.8750003e-06
DLL 2020-12-07 13:40:50.811657 - Iteration: 16  throughput_train : 153.658 seq/s mlm_loss : 10.4251  nsp_loss : 0.6753  total_loss : 11.1004  avg_loss_step : 11.1199  learning_rate : 5.25e-06
DLL 2020-12-07 13:47:58.442991 - Iteration: 17  throughput_train : 153.340 seq/s mlm_loss : 10.4382  nsp_loss : 0.6953  total_loss : 11.1335  avg_loss_step : 11.1171  learning_rate : 5.625e-06
DLL 2020-12-07 13:55:05.617425 - Iteration: 18  throughput_train : 153.504 seq/s mlm_loss : 10.4406  nsp_loss : 0.6399  total_loss : 11.0805  avg_loss_step : 11.1178  learning_rate : 6e-06
DLL 2020-12-07 14:02:12.888554 - Iteration: 19  throughput_train : 153.469 seq/s mlm_loss : 10.4356  nsp_loss : 0.6611  total_loss : 11.0967  avg_loss_step : 11.1159  learning_rate : 6.3750003e-06
DLL 2020-12-07 14:09:20.052794 - Iteration: 20  throughput_train : 153.507 seq/s mlm_loss : 10.4063  nsp_loss : 0.7071  total_loss : 11.1134  avg_loss_step : 11.1125  learning_rate : 6.7500005e-06
DLL 2020-12-07 14:16:26.819186 - Iteration: 21  throughput_train : 153.647 seq/s mlm_loss : 10.4401  nsp_loss : 0.6923  total_loss : 11.1323  avg_loss_step : 11.1121  learning_rate : 7.125e-06
DLL 2020-12-07 14:23:33.552549 - Iteration: 22  throughput_train : 153.657 seq/s mlm_loss : 10.4244  nsp_loss : 0.7179  total_loss : 11.1422  avg_loss_step : 11.1076  learning_rate : 7.5000003e-06
DLL 2020-12-07 14:30:40.245289 - Iteration: 23  throughput_train : 153.671 seq/s mlm_loss : 10.4383  nsp_loss : 0.6813  total_loss : 11.1196  avg_loss_step : 11.1061  learning_rate : 7.875e-06
DLL 2020-12-07 14:37:47.005085 - Iteration: 24  throughput_train : 153.646 seq/s mlm_loss : 10.4358  nsp_loss : 0.7128  total_loss : 11.1486  avg_loss_step : 11.1035  learning_rate : 8.25e-06
DLL 2020-12-07 14:44:53.660004 - Iteration: 25  throughput_train : 153.684 seq/s mlm_loss : 10.4013  nsp_loss : 0.6628  total_loss : 11.0641  avg_loss_step : 11.1018  learning_rate : 8.625e-06
DLL 2020-12-07 14:52:00.514706 - Iteration: 26  throughput_train : 153.613 seq/s mlm_loss : 10.4248  nsp_loss : 0.6853  total_loss : 11.1101  avg_loss_step : 11.0985  learning_rate : 9e-06
DLL 2020-12-07 14:59:07.123163 - Iteration: 27  throughput_train : 153.701 seq/s mlm_loss : 10.4136  nsp_loss : 0.6468  total_loss : 11.0605  avg_loss_step : 11.0943  learning_rate : 9.375e-06
DLL 2020-12-07 15:06:13.765558 - Iteration: 28  throughput_train : 153.689 seq/s mlm_loss : 10.3963  nsp_loss : 0.6854  total_loss : 11.0817  avg_loss_step : 11.0936  learning_rate : 9.750001e-06
DLL 2020-12-07 15:13:20.048298 - Iteration: 29  throughput_train : 153.819 seq/s mlm_loss : 10.3886  nsp_loss : 0.7280  total_loss : 11.1166  avg_loss_step : 11.0886  learning_rate : 1.0125001e-05
DLL 2020-12-07 15:20:26.449114 - Iteration: 30  throughput_train : 153.776 seq/s mlm_loss : 10.4105  nsp_loss : 0.6830  total_loss : 11.0935  avg_loss_step : 11.0870  learning_rate : 1.05e-05
DLL 2020-12-07 15:27:32.915418 - Iteration: 31  throughput_train : 153.753 seq/s mlm_loss : 10.3949  nsp_loss : 0.6831  total_loss : 11.0781  avg_loss_step : 11.0835  learning_rate : 1.0875e-05
DLL 2020-12-07 15:34:39.484943 - Iteration: 32  throughput_train : 153.715 seq/s mlm_loss : 10.3975  nsp_loss : 0.6590  total_loss : 11.0564  avg_loss_step : 11.0792  learning_rate : 1.125e-05
DLL 2020-12-07 15:41:45.963520 - Iteration: 33  throughput_train : 153.748 seq/s mlm_loss : 10.3818  nsp_loss : 0.6908  total_loss : 11.0727  avg_loss_step : 11.0760  learning_rate : 1.1625e-05
DLL 2020-12-07 15:48:52.233269 - Iteration: 34  throughput_train : 153.824 seq/s mlm_loss : 10.4030  nsp_loss : 0.6740  total_loss : 11.0769  avg_loss_step : 11.0724  learning_rate : 1.2e-05
DLL 2020-12-07 15:55:58.476465 - Iteration: 35  throughput_train : 153.833 seq/s mlm_loss : 10.3959  nsp_loss : 0.6320  total_loss : 11.0279  avg_loss_step : 11.0702  learning_rate : 1.2375001e-05
DLL 2020-12-07 16:03:05.176483 - Iteration: 36  throughput_train : 153.668 seq/s mlm_loss : 10.3597  nsp_loss : 0.6546  total_loss : 11.0143  avg_loss_step : 11.0675  learning_rate : 1.2750001e-05
DLL 2020-12-07 16:10:11.668807 - Iteration: 37  throughput_train : 153.744 seq/s mlm_loss : 10.3647  nsp_loss : 0.7382  total_loss : 11.1029  avg_loss_step : 11.0638  learning_rate : 1.3125001e-05
DLL 2020-12-07 16:17:17.868409 - Iteration: 38  throughput_train : 153.848 seq/s mlm_loss : 10.3692  nsp_loss : 0.6923  total_loss : 11.0615  avg_loss_step : 11.0594  learning_rate : 1.3500001e-05
DLL 2020-12-07 16:24:24.103594 - Iteration: 39  throughput_train : 153.836 seq/s mlm_loss : 10.3595  nsp_loss : 0.6753  total_loss : 11.0347  avg_loss_step : 11.0548  learning_rate : 1.3875e-05
DLL 2020-12-07 16:31:30.643267 - Iteration: 40  throughput_train : 153.726 seq/s mlm_loss : 10.3593  nsp_loss : 0.7017  total_loss : 11.0610  avg_loss_step : 11.0517  learning_rate : 1.425e-05
DLL 2020-12-07 16:38:37.360796 - Iteration: 41  throughput_train : 153.663 seq/s mlm_loss : 10.3616  nsp_loss : 0.6942  total_loss : 11.0558  avg_loss_step : 11.0463  learning_rate : 1.4625e-05 INFO:tensorflow:Saving checkpoints for 45 into /results/tf_bert_pretraining_lamb_base_fp32_gbs165536_gbs232768_201207115042/phase_1/model.ckpt.
I1207 17:14:05.277817 140301559801664 basic_session_run_hooks.py:606] Saving checkpoints for 45 into /results/tf_bert_pretraining_lamb_base_fp32_gbs165536_gbs232768_201207115042/phase_1/model.ckpt.
INFO:tensorflow:Loss for final step: 10.992941.
I1207 17:14:10.527415 140301559801664 estimator.py:371] Loss for final step: 10.992941.
INFO:tensorflow:-----------------------------
I1207 17:14:10.530333 140301559801664 run_pretraining.py:642] -----------------------------
INFO:tensorflow:Total Training Time = 19405.03 for Sentences = 2949120
I1207 17:14:10.530494 140301559801664 run_pretraining.py:644] Total Training Time = 19405.03 for Sentences = 2949120
INFO:tensorflow:Total Training Time W/O Overhead = 17082.49 for Sentences = 2621440
I1207 17:14:10.530638 140301559801664 run_pretraining.py:646] Total Training Time W/O Overhead = 17082.49 for Sentences = 2621440
INFO:tensorflow:Throughput Average (sentences/sec) with overhead = 151.98
I1207 17:14:10.530747 140301559801664 run_pretraining.py:647] Throughput Average (sentences/sec) with overhead = 151.98
INFO:tensorflow:Throughput Average (sentences/sec) = 153.46
I1207 17:14:10.530877 140301559801664 run_pretraining.py:648] Throughput Average (sentences/sec) = 153.46
INFO:tensorflow:-----------------------------
I1207 17:14:10.531228 140301559801664 run_pretraining.py:650] -----------------------------
INFO:tensorflow:***** Running evaluation *****
I1207 17:14:10.531363 140301559801664 run_pretraining.py:653] ***** Running evaluation *****
INFO:tensorflow:  Batch size = 8
I1207 17:14:10.531474 140301559801664 run_pretraining.py:654]   Batch size = 8
INFO:tensorflow:Calling model_fn.
I1207 17:14:10.596190 140301559801664 estimator.py:1148] Calling model_fn.
INFO:tensorflow:*** Features ***
I1207 17:14:10.596419 140301559801664 run_pretraining.py:257] *** Features ***
INFO:tensorflow:  name = input_ids, shape = (?, 128)
I1207 17:14:10.596580 140301559801664 run_pretraining.py:259]   name = input_ids, shape = (?, 128)
INFO:tensorflow:  name = input_mask, shape = (?, 128)
I1207 17:14:10.596701 140301559801664 run_pretraining.py:259]   name = input_mask, shape = (?, 128)
INFO:tensorflow:  name = masked_lm_ids, shape = (?, 20)
I1207 17:14:10.596811 140301559801664 run_pretraining.py:259]   name = masked_lm_ids, shape = (?, 20)
INFO:tensorflow:  name = masked_lm_positions, shape = (?, 20)
I1207 17:14:10.596917 140301559801664 run_pretraining.py:259]   name = masked_lm_positions, shape = (?, 20)
INFO:tensorflow:  name = masked_lm_weights, shape = (?, 20)
I1207 17:14:10.597018 140301559801664 run_pretraining.py:259]   name = masked_lm_weights, shape = (?, 20)
INFO:tensorflow:  name = next_sentence_labels, shape = (?, 1)
I1207 17:14:10.597119 140301559801664 run_pretraining.py:259]   name = next_sentence_labels, shape = (?, 1)
INFO:tensorflow:  name = segment_ids, shape = (?, 128)
I1207 17:14:10.597217 140301559801664 run_pretraining.py:259]   name = segment_ids, shape = (?, 128)
WARNING:tensorflow:From /workspace/bert/run_pretraining.py:337: The name tf.metrics.accuracy is deprecated. Please use tf.compat.v1.metrics.accuracy instead.

W1207 17:14:12.084008 140301559801664 module_wrapper.py:139] From /workspace/bert/run_pretraining.py:337: The name tf.metrics.accuracy is deprecated. Please use tf.compat.v1.metrics.accuracy instead.

WARNING:tensorflow:From /workspace/bert/run_pretraining.py:341: The name tf.metrics.mean is deprecated. Please use tf.compat.v1.metrics.mean instead.

W1207 17:14:12.124798 140301559801664 module_wrapper.py:139] From /workspace/bert/run_pretraining.py:341: The name tf.metrics.mean is deprecated. Please use tf.compat.v1.metrics.mean instead.

INFO:tensorflow:Done calling model_fn.
I1207 17:14:12.186639 140301559801664 estimator.py:1150] Done calling model_fn.
INFO:tensorflow:Starting evaluation at 2020-12-07T17:14:12Z
I1207 17:14:12.200760 140301559801664 evaluation.py:255] Starting evaluation at 2020-12-07T17:14:12Z
INFO:tensorflow:Graph was finalized.
I1207 17:14:12.577751 140301559801664 monitored_session.py:240] Graph was finalized.
2020-12-07 17:14:12.581148: I tensorflow/core/common_runtime/gpu/gpu_device.cc:1639] Found device 0 with properties:
name: Tesla V100-SXM2-32GB major: 7 minor: 0 memoryClockRate(GHz): 1.53
pciBusID: 0000:62:00.0
2020-12-07 17:14:12.581224: I tensorflow/stream_executor/platform/default/dso_loader.cc:48] Successfully opened dynamic library libcudart.so.11.0
2020-12-07 17:14:12.581369: I tensorflow/stream_executor/platform/default/dso_loader.cc:48] Successfully opened dynamic library libcublas.so.11
2020-12-07 17:14:12.581436: I tensorflow/stream_executor/platform/default/dso_loader.cc:48] Successfully opened dynamic library libcufft.so.10
2020-12-07 17:14:12.581451: I tensorflow/stream_executor/platform/default/dso_loader.cc:48] Successfully opened dynamic library libcurand.so.10
2020-12-07 17:14:12.581464: I tensorflow/stream_executor/platform/default/dso_loader.cc:48] Successfully opened dynamic library libcusolver.so.10
2020-12-07 17:14:12.581479: I tensorflow/stream_executor/platform/default/dso_loader.cc:48] Successfully opened dynamic library libcusparse.so.11
2020-12-07 17:14:12.581505: I tensorflow/stream_executor/platform/default/dso_loader.cc:48] Successfully opened dynamic library libcudnn.so.8
2020-12-07 17:14:12.593701: I tensorflow/core/common_runtime/gpu/gpu_device.cc:1767] Adding visible gpu devices: 0
2020-12-07 17:14:12.593761: I tensorflow/core/common_runtime/gpu/gpu_device.cc:1180] Device interconnect StreamExecutor with strength 1 edge matrix:
2020-12-07 17:14:12.593773: I tensorflow/core/common_runtime/gpu/gpu_device.cc:1186]      0
2020-12-07 17:14:12.593779: I tensorflow/core/common_runtime/gpu/gpu_device.cc:1199] 0:   N
2020-12-07 17:14:12.599888: I tensorflow/core/common_runtime/gpu/gpu_device.cc:1325] Created TensorFlow device (/job:localhost/replica:0/task:0/device:GPU:0 with 30168 MB memory) -> physical GPU (device: 0, name: Tesla V100-SXM2-32GB, pci bus id: 0000:62:00.0, compute capability: 7.0)
INFO:tensorflow:Restoring parameters from /results/tf_bert_pretraining_lamb_base_fp32_gbs165536_gbs232768_201207115042/phase_1/model.ckpt-45
I1207 17:14:12.601557 140301559801664 saver.py:1284] Restoring parameters from /results/tf_bert_pretraining_lamb_base_fp32_gbs165536_gbs232768_201207115042/phase_1/model.ckpt-45
INFO:tensorflow:Running local_init_op.
I1207 17:14:13.791182 140301559801664 session_manager.py:500] Running local_init_op.
INFO:tensorflow:Done running local_init_op.
I1207 17:14:13.864361 140301559801664 session_manager.py:502] Done running local_init_op.
INFO:tensorflow:Evaluation [10/100]
I1207 17:14:20.857286 140301559801664 evaluation.py:167] Evaluation [10/100]
INFO:tensorflow:Evaluation [20/100]
I1207 17:14:21.102845 140301559801664 evaluation.py:167] Evaluation [20/100]
INFO:tensorflow:Evaluation [30/100]
I1207 17:14:21.347713 140301559801664 evaluation.py:167] Evaluation [30/100]
INFO:tensorflow:Evaluation [40/100]
I1207 17:14:21.593349 140301559801664 evaluation.py:167] Evaluation [40/100]
INFO:tensorflow:Evaluation [50/100]
I1207 17:14:21.838737 140301559801664 evaluation.py:167] Evaluation [50/100]
INFO:tensorflow:Evaluation [60/100]
I1207 17:14:22.081877 140301559801664 evaluation.py:167] Evaluation [60/100]
INFO:tensorflow:Evaluation [70/100]
I1207 17:14:22.325324 140301559801664 evaluation.py:167] Evaluation [70/100]
INFO:tensorflow:Evaluation [80/100]
I1207 17:14:22.568199 140301559801664 evaluation.py:167] Evaluation [80/100]
INFO:tensorflow:Evaluation [90/100]
I1207 17:14:22.809932 140301559801664 evaluation.py:167] Evaluation [90/100]
INFO:tensorflow:Evaluation [100/100]
I1207 17:14:23.053112 140301559801664 evaluation.py:167] Evaluation [100/100]
INFO:tensorflow:Finished evaluation at 2020-12-07-17:14:23
I1207 17:14:23.635583 140301559801664 evaluation.py:275] Finished evaluation at 2020-12-07-17:14:23
INFO:tensorflow:Saving dict for global step 45: global_step = 45, loss = 11.000773, masked_lm_accuracy = 6.930007e-05, masked_lm_loss = 10.307779, next_sentence_accuracy = 0.54125, next_sentence_loss = 0.6934711
I1207 17:14:23.636545 140301559801664 estimator.py:2049] Saving dict for global step 45: global_step = 45, loss = 11.000773, masked_lm_accuracy = 6.930007e-05, masked_lm_loss = 10.307779, next_sentence_accuracy = 0.54125, next_sentence_loss = 0.6934711
INFO:tensorflow:Saving 'checkpoint_path' summary for global step 45: /results/tf_bert_pretraining_lamb_base_fp32_gbs165536_gbs232768_201207115042/phase_1/model.ckpt-45
I1207 17:14:24.057723 140301559801664 estimator.py:2109] Saving 'checkpoint_path' summary for global step 45: /results/tf_bert_pretraining_lamb_base_fp32_gbs165536_gbs232768_201207115042/phase_1/model.ckpt-45
INFO:tensorflow:-----------------------------
I1207 17:14:24.058958 140301559801664 run_pretraining.py:682] -----------------------------
INFO:tensorflow:Total Inference Time = 13.52 for Sentences = 800
I1207 17:14:24.059084 140301559801664 run_pretraining.py:684] Total Inference Time = 13.52 for Sentences = 800
INFO:tensorflow:Total Inference Time W/O Overhead = 2.42 for Sentences = 792
I1207 17:14:24.059165 140301559801664 run_pretraining.py:686] Total Inference Time W/O Overhead = 2.42 for Sentences = 792
INFO:tensorflow:Summary Inference Statistics on EVAL set
I1207 17:14:24.059220 140301559801664 run_pretraining.py:687] Summary Inference Statistics on EVAL set
INFO:tensorflow:Batch size = 8
I1207 17:14:24.059274 140301559801664 run_pretraining.py:688] Batch size = 8
INFO:tensorflow:Sequence Length = 128
I1207 17:14:24.059373 140301559801664 run_pretraining.py:689] Sequence Length = 128
INFO:tensorflow:Precision = fp32
I1207 17:14:24.059431 140301559801664 run_pretraining.py:690] Precision = fp32
INFO:tensorflow:Throughput Average (sentences/sec) = 327.68
I1207 17:14:24.059494 140301559801664 run_pretraining.py:691] Throughput Average (sentences/sec) = 327.68
INFO:tensorflow:-----------------------------
I1207 17:14:24.059762 140301559801664 run_pretraining.py:693] -----------------------------
INFO:tensorflow:***** Eval results *****
I1207 17:14:24.059952 140301559801664 run_pretraining.py:697] ***** Eval results *****
INFO:tensorflow:  global_step = 45
I1207 17:14:24.060018 140301559801664 run_pretraining.py:699]   global_step = 45
INFO:tensorflow:  loss = 11.000773
I1207 17:14:24.060292 140301559801664 run_pretraining.py:699]   loss = 11.000773
INFO:tensorflow:  masked_lm_accuracy = 6.930007e-05
I1207 17:14:24.060374 140301559801664 run_pretraining.py:699]   masked_lm_accuracy = 6.930007e-05
INFO:tensorflow:  masked_lm_loss = 10.307779
I1207 17:14:24.060429 140301559801664 run_pretraining.py:699]   masked_lm_loss = 10.307779
INFO:tensorflow:  next_sentence_accuracy = 0.54125
I1207 17:14:24.060482 140301559801664 run_pretraining.py:699]   next_sentence_accuracy = 0.54125
INFO:tensorflow:  next_sentence_loss = 0.6934711
I1207 17:14:24.060544 140301559801664 run_pretraining.py:699]   next_sentence_loss = 0.6934711

DLL 2020-12-07 16:45:43.281829 - Iteration: 42  throughput_train : 153.950 seq/s mlm_loss : 10.3603  nsp_loss : 0.6873  total_loss : 11.0477  avg_loss_step : 11.0419  learning_rate : 1.50000005e-05
DLL 2020-12-07 16:52:48.807443 - Iteration: 43  throughput_train : 154.092 seq/s mlm_loss : 10.3343  nsp_loss : 0.6519  total_loss : 10.9862  avg_loss_step : 11.0371  learning_rate : 1.5375e-05
DLL 2020-12-07 16:59:54.246930 - Iteration: 44  throughput_train : 154.124 seq/s mlm_loss : 10.3755  nsp_loss : 0.6641  total_loss : 11.0396  avg_loss_step : 11.0336  learning_rate : 1.575e-05
DLL 2020-12-07 17:06:59.364339 - Iteration: 45  throughput_train : 154.241 seq/s mlm_loss : 10.2902  nsp_loss : 0.6710  total_loss : 10.9612  avg_loss_step : 11.0277  learning_rate : 1.6125001e-05
DLL 2020-12-07 17:14:05.275813 - Iteration: 46  throughput_train : 154.217 seq/s mlm_loss : 10.3395  nsp_loss : 0.6534  total_loss : 10.9929  avg_loss_step : 11.0250  learning_rate : 1.65e-05
DLL 2020-12-07 17:14:10.530985 -  throughput_train : 153.458 seq/s
DLL 2020-12-07 17:14:24.059580 -  throughput_val : 327.67912727505166
